<?xml version="1.0" encoding="UTF-8"?>
<!-- Generated by org.testng.reporters.JUnitReportReporter -->
<testsuite hostname="MSI" failures="0" tests="1" name="parameters_Concept.ParametersTestNG_In_MergeLead" time="46.122" errors="0" timestamp="2023-03-15T15:31:08 GMT-08:00" skipped="0">
  <testcase classname="parameters_Concept.ParametersTestNG_In_MergeLead" name="mergelead" time="46.122"/>
  <system-out/>
</testsuite> <!-- parameters_Concept.ParametersTestNG_In_MergeLead -->
