<?xml version="1.0" encoding="UTF-8"?>
<!-- Generated by org.testng.reporters.JUnitReportReporter -->
<testsuite hostname="MSI" failures="0" tests="1" name="parameter_TestNG_practice.parameter_createLead_subClass" time="24.095" errors="0" timestamp="2023-03-26T23:07:10 GMT-08:00" skipped="0">
  <testcase classname="parameter_TestNG_practice.parameter_createLead_subClass" name="createLead" time="24.095"/>
  <system-out/>
</testsuite> <!-- parameter_TestNG_practice.parameter_createLead_subClass -->
