<?xml version="1.0" encoding="UTF-8"?>
<!-- Generated by org.testng.reporters.JUnitReportReporter -->
<testsuite hostname="MSI" failures="0" tests="1" name="TestNG_Concept_01.TestLeaf.DeleteLead" time="19.982" errors="0" timestamp="2023-03-28T16:38:07 GMT-08:00" skipped="0">
  <testcase classname="TestNG_Concept_01.TestLeaf.DeleteLead" name="deletelead" time="19.982"/>
  <system-out/>
</testsuite> <!-- TestNG_Concept_01.TestLeaf.DeleteLead -->
