<?xml version="1.0" encoding="UTF-8"?>
<!-- Generated by org.testng.reporters.JUnitReportReporter -->
<testsuite hostname="MSI" failures="0" tests="1" name="seleniumDemo.CreatLead_TestNG" time="11.246" errors="0" timestamp="2023-02-26T19:30:13 GMT-08:00" skipped="0">
  <testcase classname="seleniumDemo.CreatLead_TestNG" name="createLeadTestNG" time="11.246"/>
  <system-out/>
</testsuite> <!-- seleniumDemo.CreatLead_TestNG -->
