<?xml version="1.0" encoding="UTF-8"?>
<!-- Generated by org.testng.reporters.JUnitReportReporter -->
<testsuite hostname="MSI" failures="0" tests="1" name="TestNG_Concept_02.Jquery.Sortable" time="11.698" errors="0" timestamp="2023-03-01T17:56:07 GMT-08:00" skipped="0">
  <testcase classname="TestNG_Concept_02.Jquery.Sortable" name="sortable" time="11.698"/>
  <system-out/>
</testsuite> <!-- TestNG_Concept_02.Jquery.Sortable -->
