<?xml version="1.0" encoding="UTF-8"?>
<!-- Generated by org.testng.reporters.JUnitReportReporter -->
<testsuite hostname="MSI" failures="0" tests="1" name="Wrapper_Inheritance_Concept_With_TestNG.CreateLead" time="26.919" errors="0" timestamp="2023-03-09T20:04:08 GMT-08:00" skipped="0">
  <testcase classname="Wrapper_Inheritance_Concept_With_TestNG.CreateLead" name="createlead" time="26.919"/>
  <system-out/>
</testsuite> <!-- Wrapper_Inheritance_Concept_With_TestNG.CreateLead -->
