<?xml version="1.0" encoding="UTF-8"?>
<!-- Generated by org.testng.reporters.JUnitReportReporter -->
<testsuite hostname="MSI" failures="0" tests="1" name="Alert_Concept.PrompthAlert" time="5.767" errors="0" timestamp="2023-03-03T23:35:12 GMT-08:00" skipped="0">
  <testcase classname="Alert_Concept.PrompthAlert" name="promptAlert" time="5.767"/>
  <system-out/>
</testsuite> <!-- Alert_Concept.PrompthAlert -->
