<?xml version="1.0" encoding="UTF-8"?>
<!-- Generated by org.testng.reporters.JUnitReportReporter -->
<testsuite hostname="MSI" failures="0" tests="1" name="TestNG_Concept_02.Jquery.DragAndDrop" time="18.003" errors="0" timestamp="2023-03-01T17:52:37 GMT-08:00" skipped="0">
  <testcase classname="TestNG_Concept_02.Jquery.DragAndDrop" name="draganddrop" time="18.003"/>
  <system-out/>
</testsuite> <!-- TestNG_Concept_02.Jquery.DragAndDrop -->
