<?xml version="1.0" encoding="UTF-8"?>
<!-- Generated by org.testng.reporters.JUnitReportReporter -->
<testsuite hostname="MSI" failures="0" tests="5" name="ParametrizationTestNG_Concept_With_ExcelSheet.CreateLeads_DataProvider_Excel" time="97.632" errors="0" timestamp="2023-03-21T16:33:00 GMT-08:00" skipped="0">
  <testcase classname="ParametrizationTestNG_Concept_With_ExcelSheet.CreateLeads_DataProvider_Excel" name="createLead" time="19.303"/>
  <system-out/>
  <testcase classname="ParametrizationTestNG_Concept_With_ExcelSheet.CreateLeads_DataProvider_Excel" name="createLead" time="19.186"/>
  <system-out/>
  <testcase classname="ParametrizationTestNG_Concept_With_ExcelSheet.CreateLeads_DataProvider_Excel" name="createLead" time="20.143"/>
  <system-out/>
  <testcase classname="ParametrizationTestNG_Concept_With_ExcelSheet.CreateLeads_DataProvider_Excel" name="createLead" time="19.056"/>
  <system-out/>
  <testcase classname="ParametrizationTestNG_Concept_With_ExcelSheet.CreateLeads_DataProvider_Excel" name="createLead" time="19.944"/>
  <system-out/>
</testsuite> <!-- ParametrizationTestNG_Concept_With_ExcelSheet.CreateLeads_DataProvider_Excel -->
