<?xml version="1.0" encoding="UTF-8"?>
<!-- Generated by org.testng.reporters.JUnitReportReporter -->
<testsuite hostname="MSI" failures="0" tests="1" name="TestNG_Concept_01.TestLeaf.MergeLead" time="31.217" errors="0" timestamp="2023-03-09T20:08:57 GMT-08:00" skipped="0">
  <testcase classname="TestNG_Concept_01.TestLeaf.MergeLead" name="mergelead" time="31.217"/>
  <system-out/>
</testsuite> <!-- TestNG_Concept_01.TestLeaf.MergeLead -->
