<?xml version="1.0" encoding="UTF-8"?>
<!-- Generated by org.testng.reporters.JUnitReportReporter -->
<testsuite hostname="MSI" failures="0" tests="1" name="TestNG_Concept_01.TestLeaf.Login" time="9.356" errors="0" timestamp="2023-03-02T11:18:31 GMT-08:00" skipped="0">
  <testcase classname="TestNG_Concept_01.TestLeaf.Login" name="login" time="9.356"/>
  <system-out/>
</testsuite> <!-- TestNG_Concept_01.TestLeaf.Login -->
