<?xml version="1.0" encoding="UTF-8"?>
<!-- Generated by org.testng.reporters.JUnitReportReporter -->
<testsuite hostname="MSI" failures="0" tests="3" name="ParametrizationTestNG_Concept_Without_ExcelFile.CreateLead_Dataprovider" time="68.480" errors="0" timestamp="2023-03-16T18:08:23 GMT-08:00" skipped="0">
  <testcase classname="ParametrizationTestNG_Concept_Without_ExcelFile.CreateLead_Dataprovider" name="createLead" time="22.821"/>
  <system-out/>
  <testcase classname="ParametrizationTestNG_Concept_Without_ExcelFile.CreateLead_Dataprovider" name="createLead" time="22.719"/>
  <system-out/>
  <testcase classname="ParametrizationTestNG_Concept_Without_ExcelFile.CreateLead_Dataprovider" name="createLead" time="22.940"/>
  <system-out/>
</testsuite> <!-- ParametrizationTestNG_Concept_Without_ExcelFile.CreateLead_Dataprovider -->
