<?xml version="1.0" encoding="UTF-8"?>
<!-- Generated by org.testng.reporters.JUnitReportReporter -->
<testsuite hostname="MSI" failures="0" tests="4" name="ParametrizationTestNG_Concept_Without_ExcelFile.SubClass" time="55.874" errors="0" timestamp="2023-03-16T13:11:04 GMT-08:00" skipped="0">
  <testcase classname="ParametrizationTestNG_Concept_Without_ExcelFile.SubClass" name="creatlead" time="13.286"/>
  <system-out/>
  <testcase classname="ParametrizationTestNG_Concept_Without_ExcelFile.SubClass" name="creatlead" time="14.228"/>
  <system-out/>
  <testcase classname="ParametrizationTestNG_Concept_Without_ExcelFile.SubClass" name="login" time="15.272"/>
  <system-out/>
  <testcase classname="ParametrizationTestNG_Concept_Without_ExcelFile.SubClass" name="creatlead" time="13.088"/>
  <system-out/>
</testsuite> <!-- ParametrizationTestNG_Concept_Without_ExcelFile.SubClass -->
