<?xml version="1.0" encoding="UTF-8"?>
<!-- Generated by org.testng.reporters.JUnitReportReporter -->
<testsuite hostname="MSI" failures="0" tests="1" name="parameters_Concept_MergeLeads.ParametersTestNG_In_MergeLead" time="34.830" errors="0" timestamp="2023-03-26T07:41:40 GMT-08:00" skipped="0">
  <testcase classname="parameters_Concept_MergeLeads.ParametersTestNG_In_MergeLead" name="mergelead" time="34.830"/>
  <system-out/>
</testsuite> <!-- parameters_Concept_MergeLeads.ParametersTestNG_In_MergeLead -->
