<?xml version="1.0" encoding="UTF-8"?>
<!-- Generated by org.testng.reporters.JUnitReportReporter -->
<testsuite hostname="MSI" failures="0" tests="1" name="TestNG_Concept_01.TestLeaf.DuplicateLead" time="28.822" errors="0" timestamp="2023-03-09T20:07:34 GMT-08:00" skipped="0">
  <testcase classname="TestNG_Concept_01.TestLeaf.DuplicateLead" name="duplicatelead" time="28.822"/>
  <system-out/>
</testsuite> <!-- TestNG_Concept_01.TestLeaf.DuplicateLead -->
